2024-10-16 19:05:02,079 INFO Вычитал реплику
2024-10-16 19:05:02,839 INFO Вычитал инкремент
2024-10-16 19:05:03,351 INFO Кэшировал инкремент и добавил колонки
2024-10-16 19:06:30,886 INFO Записал инкремент во времянку с партициями по eff_to_month, eff_from_month
2024-10-16 19:06:30,947 INFO Создаем набор где eff_to_month НЕ равен строке 5999-12-31
2024-10-16 19:06:34,382 INFO Получаем список субпартиций в 5999
2024-10-16 19:06:34,403 INFO Фильтруем до джойна, так как мы джойним ровно одну субпартицию
2024-10-16 19:06:34,427 INFO left_anti JOIN -- проход цикла:1
2024-10-16 19:06:49,771 INFO Дозаписываем данные в таблицу Temp
2024-10-16 19:06:49,787 INFO Фильтруем до джойна, так как мы джойним ровно одну субпартицию
2024-10-16 19:06:49,802 INFO left_anti JOIN -- проход цикла:2
2024-10-16 19:07:02,689 INFO Дозаписываем данные в таблицу Temp
2024-10-16 19:07:02,705 INFO Фильтруем до джойна, так как мы джойним ровно одну субпартицию
2024-10-16 19:07:02,714 INFO left_anti JOIN -- проход цикла:3
2024-10-16 19:07:18,554 INFO Дозаписываем данные в таблицу Temp
2024-10-16 19:07:18,566 INFO Фильтруем до джойна, так как мы джойним ровно одну субпартицию
2024-10-16 19:07:18,572 INFO left_anti JOIN -- проход цикла:4
2024-10-16 19:07:34,797 INFO Дозаписываем данные в таблицу Temp
2024-10-16 19:07:34,810 INFO Фильтруем до джойна, так как мы джойним ровно одну субпартицию
2024-10-16 19:07:34,816 INFO left_anti JOIN -- проход цикла:5
2024-10-16 19:07:49,318 INFO Дозаписываем данные в таблицу Temp
2024-10-16 19:07:49,331 INFO Фильтруем до джойна, так как мы джойним ровно одну субпартицию
2024-10-16 19:07:49,337 INFO left_anti JOIN -- проход цикла:6
2024-10-16 19:08:03,964 INFO Дозаписываем данные в таблицу Temp
2024-10-16 19:08:03,976 INFO Фильтруем до джойна, так как мы джойним ровно одну субпартицию
2024-10-16 19:08:03,983 INFO left_anti JOIN -- проход цикла:7
2024-10-16 19:08:18,562 INFO Дозаписываем данные в таблицу Temp
2024-10-16 19:08:18,574 INFO Фильтруем до джойна, так как мы джойним ровно одну субпартицию
2024-10-16 19:08:18,580 INFO left_anti JOIN -- проход цикла:8
2024-10-16 19:08:32,492 INFO Дозаписываем данные в таблицу Temp
2024-10-16 19:08:32,503 INFO Фильтруем до джойна, так как мы джойним ровно одну субпартицию
2024-10-16 19:08:32,508 INFO left_anti JOIN -- проход цикла:9
2024-10-16 19:08:46,355 INFO Дозаписываем данные в таблицу Temp
2024-10-16 19:08:46,366 INFO Фильтруем до джойна, так как мы джойним ровно одну субпартицию
2024-10-16 19:08:46,371 INFO left_anti JOIN -- проход цикла:10
2024-10-16 19:08:58,753 INFO Дозаписываем данные в таблицу Temp
2024-10-16 19:08:58,764 INFO Фильтруем до джойна, так как мы джойним ровно одну субпартицию
2024-10-16 19:08:58,770 INFO left_anti JOIN -- проход цикла:11
2024-10-16 19:09:12,532 INFO Дозаписываем данные в таблицу Temp
2024-10-16 19:09:12,543 INFO Фильтруем до джойна, так как мы джойним ровно одну субпартицию
2024-10-16 19:09:12,550 INFO left_anti JOIN -- проход цикла:12
2024-10-16 19:09:25,822 INFO Дозаписываем данные в таблицу Temp
2024-10-16 19:09:25,834 INFO Фильтруем до джойна, так как мы джойним ровно одну субпартицию
2024-10-16 19:09:25,843 INFO left_anti JOIN -- проход цикла:13
2024-10-16 19:09:39,302 INFO Дозаписываем данные в таблицу Temp
2024-10-16 19:09:39,313 INFO Фильтруем до джойна, так как мы джойним ровно одну субпартицию
2024-10-16 19:09:39,318 INFO left_anti JOIN -- проход цикла:14
2024-10-16 19:09:51,600 INFO Дозаписываем данные в таблицу Temp
2024-10-16 19:09:51,610 INFO Фильтруем до джойна, так как мы джойним ровно одну субпартицию
2024-10-16 19:09:51,620 INFO left_anti JOIN -- проход цикла:15
2024-10-16 19:10:04,752 INFO Дозаписываем данные в таблицу Temp
2024-10-16 19:10:04,764 INFO Фильтруем до джойна, так как мы джойним ровно одну субпартицию
2024-10-16 19:10:04,770 INFO left_anti JOIN -- проход цикла:16
2024-10-16 19:10:17,623 INFO Дозаписываем данные в таблицу Temp
2024-10-16 19:10:17,634 INFO Фильтруем до джойна, так как мы джойним ровно одну субпартицию
2024-10-16 19:10:17,639 INFO left_anti JOIN -- проход цикла:17
2024-10-16 19:10:31,561 INFO Дозаписываем данные в таблицу Temp
2024-10-16 19:10:31,574 INFO Фильтруем до джойна, так как мы джойним ровно одну субпартицию
2024-10-16 19:10:31,579 INFO left_anti JOIN -- проход цикла:18
2024-10-16 19:10:44,565 INFO Дозаписываем данные в таблицу Temp
2024-10-16 19:10:44,574 INFO Фильтруем до джойна, так как мы джойним ровно одну субпартицию
2024-10-16 19:10:44,579 INFO left_anti JOIN -- проход цикла:19
2024-10-16 19:10:57,547 INFO Дозаписываем данные в таблицу Temp
2024-10-16 19:10:57,557 INFO Фильтруем до джойна, так как мы джойним ровно одну субпартицию
2024-10-16 19:10:57,562 INFO left_anti JOIN -- проход цикла:20
2024-10-16 19:11:10,028 INFO Дозаписываем данные в таблицу Temp
2024-10-16 19:11:10,038 INFO Фильтруем до джойна, так как мы джойним ровно одну субпартицию
2024-10-16 19:11:10,045 INFO left_anti JOIN -- проход цикла:21
2024-10-16 19:11:21,856 INFO Дозаписываем данные в таблицу Temp
2024-10-16 19:11:21,868 INFO Фильтруем до джойна, так как мы джойним ровно одну субпартицию
2024-10-16 19:11:21,875 INFO left_anti JOIN -- проход цикла:22
2024-10-16 19:11:35,648 INFO Дозаписываем данные в таблицу Temp
2024-10-16 19:11:35,658 INFO Фильтруем до джойна, так как мы джойним ровно одну субпартицию
2024-10-16 19:11:35,671 INFO left_anti JOIN -- проход цикла:23
2024-10-16 19:11:48,573 INFO Дозаписываем данные в таблицу Temp
2024-10-16 19:11:48,582 INFO Фильтруем до джойна, так как мы джойним ровно одну субпартицию
2024-10-16 19:11:48,587 INFO left_anti JOIN -- проход цикла:24
2024-10-16 19:11:59,831 INFO Дозаписываем данные в таблицу Temp
2024-10-16 19:11:59,842 INFO Фильтруем до джойна, так как мы джойним ровно одну субпартицию
2024-10-16 19:11:59,846 INFO left_anti JOIN -- проход цикла:25
2024-10-16 19:12:11,993 INFO Дозаписываем данные в таблицу Temp
2024-10-16 19:12:12,003 INFO Фильтруем до джойна, так как мы джойним ровно одну субпартицию
2024-10-16 19:12:12,007 INFO left_anti JOIN -- проход цикла:26
2024-10-16 19:12:26,961 INFO Дозаписываем данные в таблицу Temp
2024-10-16 19:12:26,973 INFO Фильтруем до джойна, так как мы джойним ровно одну субпартицию
2024-10-16 19:12:26,981 INFO left_anti JOIN -- проход цикла:27
2024-10-16 19:12:40,498 INFO Дозаписываем данные в таблицу Temp
2024-10-16 19:12:40,509 INFO Фильтруем до джойна, так как мы джойним ровно одну субпартицию
2024-10-16 19:12:40,513 INFO left_anti JOIN -- проход цикла:28
2024-10-16 19:12:52,432 INFO Дозаписываем данные в таблицу Temp
2024-10-16 19:12:52,445 INFO Фильтруем до джойна, так как мы джойним ровно одну субпартицию
2024-10-16 19:12:52,450 INFO left_anti JOIN -- проход цикла:29
2024-10-16 19:13:04,985 INFO Дозаписываем данные в таблицу Temp
2024-10-16 19:13:04,995 INFO Фильтруем до джойна, так как мы джойним ровно одну субпартицию
2024-10-16 19:13:04,999 INFO left_anti JOIN -- проход цикла:30
2024-10-16 19:13:17,706 INFO Дозаписываем данные в таблицу Temp
2024-10-16 19:13:17,718 INFO Фильтруем до джойна, так как мы джойним ровно одну субпартицию
2024-10-16 19:13:17,724 INFO left_anti JOIN -- проход цикла:31
2024-10-16 19:13:30,833 INFO Дозаписываем данные в таблицу Temp
2024-10-16 19:13:30,842 INFO Фильтруем до джойна, так как мы джойним ровно одну субпартицию
2024-10-16 19:13:30,846 INFO left_anti JOIN -- проход цикла:32
2024-10-16 19:13:43,684 INFO Дозаписываем данные в таблицу Temp
2024-10-16 19:13:43,694 INFO Фильтруем до джойна, так как мы джойним ровно одну субпартицию
2024-10-16 19:13:43,698 INFO left_anti JOIN -- проход цикла:33
2024-10-16 19:13:55,730 INFO Дозаписываем данные в таблицу Temp
2024-10-16 19:13:55,739 INFO Фильтруем до джойна, так как мы джойним ровно одну субпартицию
2024-10-16 19:13:55,742 INFO left_anti JOIN -- проход цикла:34
2024-10-16 19:14:07,998 INFO Дозаписываем данные в таблицу Temp
2024-10-16 19:14:08,012 INFO Фильтруем до джойна, так как мы джойним ровно одну субпартицию
2024-10-16 19:14:08,022 INFO left_anti JOIN -- проход цикла:35
2024-10-16 19:14:21,198 INFO Дозаписываем данные в таблицу Temp
2024-10-16 19:14:21,210 INFO Фильтруем до джойна, так как мы джойним ровно одну субпартицию
2024-10-16 19:14:21,216 INFO left_anti JOIN -- проход цикла:36
2024-10-16 19:14:36,001 INFO Дозаписываем данные в таблицу Temp
2024-10-16 19:14:36,011 INFO Фильтруем до джойна, так как мы джойним ровно одну субпартицию
2024-10-16 19:14:36,016 INFO left_anti JOIN -- проход цикла:37
2024-10-16 19:14:49,390 INFO Дозаписываем данные в таблицу Temp
2024-10-16 19:14:49,401 INFO Фильтруем до джойна, так как мы джойним ровно одну субпартицию
2024-10-16 19:14:49,406 INFO left_anti JOIN -- проход цикла:38
2024-10-16 19:15:00,155 INFO Дозаписываем данные в таблицу Temp
2024-10-16 19:15:00,164 INFO Фильтруем до джойна, так как мы джойним ровно одну субпартицию
2024-10-16 19:15:00,168 INFO left_anti JOIN -- проход цикла:39
2024-10-16 19:15:11,969 INFO Дозаписываем данные в таблицу Temp
2024-10-16 19:15:11,978 INFO Фильтруем до джойна, так как мы джойним ровно одну субпартицию
2024-10-16 19:15:11,982 INFO left_anti JOIN -- проход цикла:40
2024-10-16 19:15:25,505 INFO Дозаписываем данные в таблицу Temp
2024-10-16 19:15:25,514 INFO Фильтруем до джойна, так как мы джойним ровно одну субпартицию
2024-10-16 19:15:25,518 INFO left_anti JOIN -- проход цикла:41
2024-10-16 19:15:38,509 INFO Дозаписываем данные в таблицу Temp
2024-10-16 19:15:38,517 INFO Фильтруем до джойна, так как мы джойним ровно одну субпартицию
2024-10-16 19:15:38,520 INFO left_anti JOIN -- проход цикла:42
2024-10-16 19:15:50,303 INFO Дозаписываем данные в таблицу Temp
2024-10-16 19:15:50,313 INFO Фильтруем до джойна, так как мы джойним ровно одну субпартицию
2024-10-16 19:15:50,317 INFO left_anti JOIN -- проход цикла:43
2024-10-16 19:16:02,489 INFO Дозаписываем данные в таблицу Temp
2024-10-16 19:16:02,501 INFO Фильтруем до джойна, так как мы джойним ровно одну субпартицию
2024-10-16 19:16:02,506 INFO left_anti JOIN -- проход цикла:44
2024-10-16 19:16:16,468 INFO Дозаписываем данные в таблицу Temp
2024-10-16 19:16:16,480 INFO Фильтруем до джойна, так как мы джойним ровно одну субпартицию
2024-10-16 19:16:16,484 INFO left_anti JOIN -- проход цикла:45
2024-10-16 19:16:29,686 INFO Дозаписываем данные в таблицу Temp
2024-10-16 19:16:29,696 INFO Фильтруем до джойна, так как мы джойним ровно одну субпартицию
2024-10-16 19:16:29,701 INFO left_anti JOIN -- проход цикла:46
2024-10-16 19:16:41,014 INFO Дозаписываем данные в таблицу Temp
2024-10-16 19:16:41,022 INFO Фильтруем до джойна, так как мы джойним ровно одну субпартицию
2024-10-16 19:16:41,025 INFO left_anti JOIN -- проход цикла:47
2024-10-16 19:16:54,809 INFO Дозаписываем данные в таблицу Temp
2024-10-16 19:16:54,828 INFO Фильтруем до джойна, так как мы джойним ровно одну субпартицию
2024-10-16 19:16:54,832 INFO left_anti JOIN -- проход цикла:48
2024-10-16 19:17:08,729 INFO Дозаписываем данные в таблицу Temp
2024-10-16 19:17:17,172 INFO Удаление актуальных записей в реплике
2024-10-16 19:19:46,511 INFO Запись в реплику из TMP
